[2024-08-27 01:16:26] local.ERROR: Target class [App\Http\Middleware\EnsureTokenMatchesUser] does not exist. {"exception":"[object] (Illuminate\\Contracts\\Container\\BindingResolutionException(code: 0): Target class [App\\Http\\Middleware\\EnsureTokenMatchesUser] does not exist. at /var/www/html/vendor/laravel/framework/src/Illuminate/Container/Container.php:914)
[stacktrace]
#0 /var/www/html/vendor/laravel/framework/src/Illuminate/Container/Container.php(795): Illuminate\\Container\\Container->build('App\\\\Http\\\\Middle...')
#1 /var/www/html/vendor/laravel/framework/src/Illuminate/Foundation/Application.php(961): Illuminate\\Container\\Container->resolve('App\\\\Http\\\\Middle...', Array, true)
#2 /var/www/html/vendor/laravel/framework/src/Illuminate/Container/Container.php(731): Illuminate\\Foundation\\Application->resolve('App\\\\Http\\\\Middle...', Array)
#3 /var/www/html/vendor/laravel/framework/src/Illuminate/Foundation/Application.php(946): Illuminate\\Container\\Container->make('App\\\\Http\\\\Middle...', Array)
#4 /var/www/html/vendor/laravel/framework/src/Illuminate/Foundation/Http/Kernel.php(255): Illuminate\\Foundation\\Application->make('App\\\\Http\\\\Middle...')
#5 /var/www/html/vendor/laravel/framework/src/Illuminate/Foundation/Http/Kernel.php(213): Illuminate\\Foundation\\Http\\Kernel->terminateMiddleware(Object(Illuminate\\Http\\Request), Object(Illuminate\\Http\\JsonResponse))
#6 /var/www/html/public/index.php(55): Illuminate\\Foundation\\Http\\Kernel->terminate(Object(Illuminate\\Http\\Request), Object(Illuminate\\Http\\JsonResponse))
#7 {main}

[previous exception] [object] (ReflectionException(code: -1): Class \"App\\Http\\Middleware\\EnsureTokenMatchesUser\" does not exist at /var/www/html/vendor/laravel/framework/src/Illuminate/Container/Container.php:912)
[stacktrace]
#0 /var/www/html/vendor/laravel/framework/src/Illuminate/Container/Container.php(912): ReflectionClass->__construct('App\\\\Http\\\\Middle...')
#1 /var/www/html/vendor/laravel/framework/src/Illuminate/Container/Container.php(795): Illuminate\\Container\\Container->build('App\\\\Http\\\\Middle...')
#2 /var/www/html/vendor/laravel/framework/src/Illuminate/Foundation/Application.php(961): Illuminate\\Container\\Container->resolve('App\\\\Http\\\\Middle...', Array, true)
#3 /var/www/html/vendor/laravel/framework/src/Illuminate/Container/Container.php(731): Illuminate\\Foundation\\Application->resolve('App\\\\Http\\\\Middle...', Array)
#4 /var/www/html/vendor/laravel/framework/src/Illuminate/Foundation/Application.php(946): Illuminate\\Container\\Container->make('App\\\\Http\\\\Middle...', Array)
#5 /var/www/html/vendor/laravel/framework/src/Illuminate/Foundation/Http/Kernel.php(255): Illuminate\\Foundation\\Application->make('App\\\\Http\\\\Middle...')
#6 /var/www/html/vendor/laravel/framework/src/Illuminate/Foundation/Http/Kernel.php(213): Illuminate\\Foundation\\Http\\Kernel->terminateMiddleware(Object(Illuminate\\Http\\Request), Object(Illuminate\\Http\\JsonResponse))
#7 /var/www/html/public/index.php(55): Illuminate\\Foundation\\Http\\Kernel->terminate(Object(Illuminate\\Http\\Request), Object(Illuminate\\Http\\JsonResponse))
#8 {main}
"} 
